Fetcher started at 2025-05-29 17:14:36
20250529_171436: [2] 🔴 Error processing twitter.com: cannot access local variable 'WinnerSvg' where it is not associated with a value
20250529_171436: [3] 🔴 Error processing ask.com: cannot access local variable 'WinnerSvg' where it is not associated with a value
20250529_171437: [4] 🔴 Error processing att.com: cannot access local variable 'WinnerSvg' where it is not associated with a value
20250529_171438: [7] 🔴 Error processing verizonwireless.com: cannot access local variable 'WinnerSvg' where it is not associated with a value
20250529_171439: [11] 🔴 Error processing surveymonkey.com: cannot access local variable 'WinnerSvg' where it is not associated with a value
20250529_171439: [15] 🔴 Error processing verizon.com: cannot access local variable 'WinnerSvg' where it is not associated with a value
20250529_171440: [16] 🔴 Error processing shopify.com: cannot access local variable 'WinnerSvg' where it is not associated with a value
20250529_171440: [19] 🔴 Error processing bing.com: cannot access local variable 'WinnerSvg' where it is not associated with a value
20250529_171442: [24] 🔴 Error processing wix.com: cannot access local variable 'WinnerSvg' where it is not associated with a value
20250529_171442: [27] 🔴 Error processing shareasale.com: cannot access local variable 'WinnerSvg' where it is not associated with a value
20250529_171443: [33] 🔴 Error processing webs.com: cannot access local variable 'WinnerSvg' where it is not associated with a value
20250529_171443: [34] 🔴 Error processing about.com: cannot access local variable 'WinnerSvg' where it is not associated with a value
20250529_171443: [35] 🔴 Error processing blackberry.com: cannot access local variable 'WinnerSvg' where it is not associated with a value
20250529_171443: [36] 🔴 Error processing hubspot.com: cannot access local variable 'WinnerSvg' where it is not associated with a value
20250529_171443: [37] 🔴 Error processing centurylink.com: cannot access local variable 'WinnerSvg' where it is not associated with a value
20250529_171443: [38] 🔴 Error processing skype.com: cannot access local variable 'WinnerSvg' where it is not associated with a value
20250529_171444: [39] 🔴 Error processing exacttarget.com: cannot access local variable 'WinnerSvg' where it is not associated with a value
20250529_171446: [40] 🔴 Error processing motorola.com: cannot access local variable 'WinnerSvg' where it is not associated with a value
20250529_171446: [41] 🔴 Error processing reachlocal.com: cannot access local variable 'WinnerSvg' where it is not associated with a value
20250529_171447: [47] 🔴 Error processing box.com: cannot access local variable 'WinnerSvg' where it is not associated with a value
20250529_171447: [51] 🔴 Error processing alot.com: cannot access local variable 'WinnerSvg' where it is not associated with a value
20250529_171447: [52] 🔴 Error processing zagg.com: cannot access local variable 'WinnerSvg' where it is not associated with a value
20250529_171447: [53] 🔴 Error processing webex.com: cannot access local variable 'WinnerSvg' where it is not associated with a value
20250529_171448: [54] 🔴 Error processing otterbox.com: cannot access local variable 'WinnerSvg' where it is not associated with a value
20250529_171448: [56] 🔴 Error processing formstack.com: cannot access local variable 'WinnerSvg' where it is not associated with a value
20250529_171448: [61] 🔴 Error processing ning.com: cannot access local variable 'WinnerSvg' where it is not associated with a value
20250529_171448: [63] 🔴 Error processing avaya.com: cannot access local variable 'WinnerSvg' where it is not associated with a value
20250529_171449: [64] 🔴 Error processing bigcommerce.com: cannot access local variable 'WinnerSvg' where it is not associated with a value
20250529_171449: [66] 🔴 Error processing nokia.com: cannot access local variable 'WinnerSvg' where it is not associated with a value
20250529_171450: [67] 🔴 Error processing univision.com: cannot access local variable 'WinnerSvg' where it is not associated with a value
20250529_171450: [71] 🔴 Error processing 8x8.com: cannot access local variable 'WinnerSvg' where it is not associated with a value
