Fetcher started at 2025-05-29 17:05:50
20250529_170603: [37] 🔴 Error processing centurylink.com: max() arg is an empty sequence
20250529_170603: [38] 🔴 Error processing skype.com: max() arg is an empty sequence
20250529_170608: [41] 🔴 Error processing reachlocal.com: max() arg is an empty sequence
20250529_170610: [52] 🔴 Error processing zagg.com: max() arg is an empty sequence
20250529_170610: [54] 🔴 Error processing otterbox.com: max() arg is an empty sequence
20250529_170611: [63] 🔴 Error processing avaya.com: max() arg is an empty sequence
20250529_170626: [108] 🔴 Error processing bmc.com: max() arg is an empty sequence
20250529_170626: [110] 🔴 Error processing weebly.com: max() arg is an empty sequence
20250529_170626: [111] 🔴 Error processing naver.com: max() arg is an empty sequence
20250529_170627: [115] 🔴 Error processing efax.com: max() arg is an empty sequence
20250529_170634: [130] 🔴 Error processing hostway.com: max() arg is an empty sequence
20250529_170640: [148] 🔴 Error processing templatemonster.com: max() arg is an empty sequence
20250529_170649: [175] 🔴 Error processing ooma.com: max() arg is an empty sequence
20250529_170650: [178] 🔴 Error processing onecallnow.com: max() arg is an empty sequence
20250529_170654: [197] 🔴 Error processing vagaro.com: max() arg is an empty sequence
20250529_170656: [201] 🔴 Error processing info.com: max() arg is an empty sequence
20250529_170700: [212] 🔴 Error processing myway.com: max() arg is an empty sequence
20250529_170700: [217] 🔴 Error processing sakura.ne.jp: max() arg is an empty sequence
20250529_170701: [222] 🔴 Error processing harris.com: max() arg is an empty sequence
20250529_170704: [235] 🔴 Error processing sedo.com: max() arg is an empty sequence
20250529_170706: [245] 🔴 Error processing mywebsearch.com: max() arg is an empty sequence
20250529_170706: [246] 🔴 Error processing soluto.com: max() arg is an empty sequence
20250529_170708: [259] 🔴 Error processing brighttalk.com: max() arg is an empty sequence
20250529_170710: [263] 🔴 Error processing digicelgroup.com: max() arg is an empty sequence
20250529_170717: [289] 🔴 Error processing chitika.com: max() arg is an empty sequence
20250529_170718: [296] 🔴 Error processing qq.com: max() arg is an empty sequence
20250529_170719: [300] 🔴 Error processing lyris.com: expected string or bytes-like object, got 'NoneType'
20250529_170720: [306] 🔴 Error processing appboy.com: max() arg is an empty sequence
20250529_170724: [322] 🔴 Error processing gmx.com: max() arg is an empty sequence
20250529_170725: [334] 🔴 Error processing appsumo.com: max() arg is an empty sequence
20250529_170726: [339] 🔴 Error processing equinix.com: max() arg is an empty sequence
20250529_170731: [364] 🔴 Error processing mashery.com: max() arg is an empty sequence
20250529_170734: [374] 🔴 Error processing conductor.com: max() arg is an empty sequence
20250529_170738: [384] 🔴 Error processing efaxcorporate.com: max() arg is an empty sequence
20250529_170742: [406] 🔴 Error processing bestcovery.com: max() arg is an empty sequence
20250529_170748: [428] 🔴 Error processing kvh.com: max() arg is an empty sequence
20250529_170748: [433] 🔴 Error processing hdaccessory.com: max() arg is an empty sequence
20250529_170754: [448] 🔴 Error processing line2.com: max() arg is an empty sequence
20250529_170754: [450] 🔴 Error processing sendthisfile.com: max() arg is an empty sequence
20250529_170755: [455] 🔴 Error processing copernic.com: max() arg is an empty sequence
20250529_170802: [480] 🔴 Error processing polleverywhere.com: max() arg is an empty sequence
20250529_170804: [489] 🔴 Error processing mobileiron.com: max() arg is an empty sequence
20250529_170805: [495] 🔴 Error processing apnic.net: max() arg is an empty sequence
20250529_170807: [501] 🔴 Error processing fathomdelivers.com: max() arg is an empty sequence
20250529_170807: [502] 🔴 Error processing uol.com.br: max() arg is an empty sequence
20250529_170810: [516] 🔴 Error processing birch.com: max() arg is an empty sequence
20250529_170818: [566] 🔴 Error processing ccrane.com: max() arg is an empty sequence
20250529_170823: [578] 🔴 Error processing codero.com: max() arg is an empty sequence
20250529_170823: [581] 🔴 Error processing skimlinks.com: max() arg is an empty sequence
20250529_170824: [583] 🔴 Error processing tbo.com: max() arg is an empty sequence
20250529_170828: [600] 🔴 Error processing litmus.com: max() arg is an empty sequence
20250529_170834: [629] 🔴 Error processing virtualpbx.com: max() arg is an empty sequence
20250529_170835: [635] 🔴 Error processing acquisio.com: max() arg is an empty sequence
20250529_170836: [638] 🔴 Error processing rcrwireless.com: max() arg is an empty sequence
20250529_170837: [639] 🔴 Error processing bang-olufsen.com: max() arg is an empty sequence
20250529_170838: [647] 🔴 Error processing sfr.fr: max() arg is an empty sequence
20250529_170839: [659] 🔴 Error processing bb-elec.com: max() arg is an empty sequence
20250529_170841: [667] 🔴 Error processing olark.com: max() arg is an empty sequence
20250529_170848: [717] 🔴 Error processing excite.co.jp: max() arg is an empty sequence
20250529_170849: [718] 🔴 Error processing etoncorp.com: max() arg is an empty sequence
20250529_170854: [734] 🔴 Error processing tapjoy.com: max() arg is an empty sequence
20250529_170904: [761] 🔴 Error processing wealthyaffiliate.com: max() arg is an empty sequence
20250529_170905: [773] 🔴 Error processing bicsi.org: max() arg is an empty sequence
20250529_170905: [775] 🔴 Error processing sperrysoftware.com: max() arg is an empty sequence
20250529_170906: [779] 🔴 Error processing aflglobal.com: max() arg is an empty sequence
20250529_170907: [795] 🔴 Error processing afternic.com: max() arg is an empty sequence
20250529_170907: [796] 🔴 Error processing roadrunner.com: max() arg is an empty sequence
20250529_170908: [801] 🔴 Error processing tiptopwebsite.com: max() arg is an empty sequence
20250529_170910: [807] 🔴 Error processing androidpolice.com: max() arg is an empty sequence
20250529_170912: [829] 🔴 Error processing luxsci.com: max() arg is an empty sequence
20250529_170918: [843] 🔴 Error processing shopgate.com: max() arg is an empty sequence
20250529_170919: [849] 🔴 Error processing actiance.com: max() arg is an empty sequence
20250529_170919: [852] 🔴 Error processing toucharcade.com: max() arg is an empty sequence
20250529_170921: [863] 🔴 Error processing answernet.com: max() arg is an empty sequence
20250529_170929: [897] 🔴 Error processing kunocreative.com: max() arg is an empty sequence
20250529_170931: [904] 🔴 Error processing oxygenxml.com: max() arg is an empty sequence
20250529_170936: [913] 🔴 Error processing gelaskins.com: max() arg is an empty sequence
20250529_170937: [915] 🔴 Error processing edmundsassoc.com: max() arg is an empty sequence
20250529_170940: [934] 🔴 Error processing fax.com: max() arg is an empty sequence
20250529_170940: [936] 🔴 Error processing dnsmadeeasy.com: max() arg is an empty sequence
20250529_170941: [938] 🔴 Error processing cellebrite.com: max() arg is an empty sequence
20250529_170941: [939] 🔴 Error processing contactology.com: max() arg is an empty sequence
20250529_170944: [944] 🔴 Error processing gmx.es: max() arg is an empty sequence
20250529_170944: [945] 🔴 Error processing gosquared.com: max() arg is an empty sequence
20250529_170945: [956] 🔴 Error processing handhelditems.com: max() arg is an empty sequence
20250529_170946: [963] 🔴 Error processing dataviz.com: max() arg is an empty sequence
20250529_170946: [973] 🔴 Error processing etfdailynews.com: max() arg is an empty sequence
20250529_170948: [980] 🔴 Error processing neuf.fr: max() arg is an empty sequence
20250529_170949: [985] 🔴 Error processing portent.com: max() arg is an empty sequence
20250529_170952: [998] 🔴 Error processing gosphero.com: max() arg is an empty sequence
