Fetcher started at 2025-05-29 13:03:02
20250529_130314: [37] 🔴 Error processing centurylink.com: max() arg is an empty sequence
20250529_130314: [38] 🔴 Error processing skype.com: max() arg is an empty sequence
20250529_130319: [41] 🔴 Error processing reachlocal.com: max() arg is an empty sequence
20250529_130321: [52] 🔴 Error processing zagg.com: max() arg is an empty sequence
20250529_130321: [54] 🔴 Error processing otterbox.com: max() arg is an empty sequence
20250529_130322: [63] 🔴 Error processing avaya.com: max() arg is an empty sequence
20250529_130337: [108] 🔴 Error processing bmc.com: max() arg is an empty sequence
20250529_130337: [110] 🔴 Error processing weebly.com: max() arg is an empty sequence
20250529_130337: [111] 🔴 Error processing naver.com: max() arg is an empty sequence
20250529_130338: [115] 🔴 Error processing efax.com: max() arg is an empty sequence
20250529_130344: [130] 🔴 Error processing hostway.com: max() arg is an empty sequence
20250529_130351: [148] 🔴 Error processing templatemonster.com: max() arg is an empty sequence
20250529_130400: [175] 🔴 Error processing ooma.com: max() arg is an empty sequence
20250529_130400: [178] 🔴 Error processing onecallnow.com: max() arg is an empty sequence
20250529_130405: [197] 🔴 Error processing vagaro.com: max() arg is an empty sequence
20250529_130407: [201] 🔴 Error processing info.com: max() arg is an empty sequence
20250529_130410: [212] 🔴 Error processing myway.com: max() arg is an empty sequence
20250529_130411: [217] 🔴 Error processing sakura.ne.jp: max() arg is an empty sequence
20250529_130411: [222] 🔴 Error processing harris.com: max() arg is an empty sequence
20250529_130415: [235] 🔴 Error processing sedo.com: max() arg is an empty sequence
20250529_130416: [245] 🔴 Error processing mywebsearch.com: max() arg is an empty sequence
20250529_130417: [246] 🔴 Error processing soluto.com: max() arg is an empty sequence
20250529_130418: [259] 🔴 Error processing brighttalk.com: max() arg is an empty sequence
20250529_130420: [263] 🔴 Error processing digicelgroup.com: max() arg is an empty sequence
20250529_130427: [289] 🔴 Error processing chitika.com: max() arg is an empty sequence
20250529_130429: [296] 🔴 Error processing qq.com: max() arg is an empty sequence
20250529_130429: [300] 🔴 Error processing lyris.com: expected string or bytes-like object, got 'NoneType'
20250529_130430: [306] 🔴 Error processing appboy.com: max() arg is an empty sequence
20250529_130434: [322] 🔴 Error processing gmx.com: max() arg is an empty sequence
20250529_130435: [334] 🔴 Error processing appsumo.com: max() arg is an empty sequence
20250529_130436: [339] 🔴 Error processing equinix.com: max() arg is an empty sequence
20250529_130441: [364] 🔴 Error processing mashery.com: max() arg is an empty sequence
20250529_130444: [374] 🔴 Error processing conductor.com: max() arg is an empty sequence
20250529_130448: [384] 🔴 Error processing efaxcorporate.com: max() arg is an empty sequence
20250529_130453: [406] 🔴 Error processing bestcovery.com: max() arg is an empty sequence
20250529_130459: [428] 🔴 Error processing kvh.com: max() arg is an empty sequence
20250529_130459: [433] 🔴 Error processing hdaccessory.com: max() arg is an empty sequence
20250529_130505: [448] 🔴 Error processing line2.com: max() arg is an empty sequence
20250529_130505: [450] 🔴 Error processing sendthisfile.com: max() arg is an empty sequence
20250529_130506: [455] 🔴 Error processing copernic.com: max() arg is an empty sequence
20250529_130513: [480] 🔴 Error processing polleverywhere.com: max() arg is an empty sequence
20250529_130515: [489] 🔴 Error processing mobileiron.com: max() arg is an empty sequence
20250529_130516: [495] 🔴 Error processing apnic.net: max() arg is an empty sequence
20250529_130518: [501] 🔴 Error processing fathomdelivers.com: max() arg is an empty sequence
20250529_130518: [502] 🔴 Error processing uol.com.br: max() arg is an empty sequence
20250529_130521: [516] 🔴 Error processing birch.com: max() arg is an empty sequence
20250529_130529: [566] 🔴 Error processing ccrane.com: max() arg is an empty sequence
20250529_130534: [578] 🔴 Error processing codero.com: max() arg is an empty sequence
20250529_130534: [581] 🔴 Error processing skimlinks.com: max() arg is an empty sequence
20250529_130534: [583] 🔴 Error processing tbo.com: max() arg is an empty sequence
20250529_130539: [600] 🔴 Error processing litmus.com: max() arg is an empty sequence
20250529_130545: [629] 🔴 Error processing virtualpbx.com: max() arg is an empty sequence
20250529_130546: [635] 🔴 Error processing acquisio.com: max() arg is an empty sequence
20250529_130547: [638] 🔴 Error processing rcrwireless.com: max() arg is an empty sequence
20250529_130548: [639] 🔴 Error processing bang-olufsen.com: max() arg is an empty sequence
20250529_130549: [647] 🔴 Error processing sfr.fr: max() arg is an empty sequence
20250529_130550: [659] 🔴 Error processing bb-elec.com: max() arg is an empty sequence
20250529_130552: [667] 🔴 Error processing olark.com: max() arg is an empty sequence
20250529_130559: [717] 🔴 Error processing excite.co.jp: max() arg is an empty sequence
20250529_130559: [718] 🔴 Error processing etoncorp.com: max() arg is an empty sequence
20250529_130604: [734] 🔴 Error processing tapjoy.com: max() arg is an empty sequence
20250529_130615: [761] 🔴 Error processing wealthyaffiliate.com: max() arg is an empty sequence
20250529_130616: [773] 🔴 Error processing bicsi.org: max() arg is an empty sequence
20250529_130616: [775] 🔴 Error processing sperrysoftware.com: max() arg is an empty sequence
20250529_130617: [779] 🔴 Error processing aflglobal.com: max() arg is an empty sequence
20250529_130618: [795] 🔴 Error processing afternic.com: max() arg is an empty sequence
20250529_130618: [796] 🔴 Error processing roadrunner.com: max() arg is an empty sequence
20250529_130619: [801] 🔴 Error processing tiptopwebsite.com: max() arg is an empty sequence
20250529_130621: [807] 🔴 Error processing androidpolice.com: max() arg is an empty sequence
20250529_130623: [829] 🔴 Error processing luxsci.com: max() arg is an empty sequence
20250529_130628: [843] 🔴 Error processing shopgate.com: max() arg is an empty sequence
20250529_130629: [849] 🔴 Error processing actiance.com: max() arg is an empty sequence
20250529_130630: [852] 🔴 Error processing toucharcade.com: max() arg is an empty sequence
20250529_130632: [863] 🔴 Error processing answernet.com: max() arg is an empty sequence
20250529_130638: [897] 🔴 Error processing kunocreative.com: max() arg is an empty sequence
20250529_130640: [904] 🔴 Error processing oxygenxml.com: max() arg is an empty sequence
20250529_130645: [913] 🔴 Error processing gelaskins.com: max() arg is an empty sequence
20250529_130646: [915] 🔴 Error processing edmundsassoc.com: max() arg is an empty sequence
20250529_130649: [934] 🔴 Error processing fax.com: max() arg is an empty sequence
20250529_130649: [936] 🔴 Error processing dnsmadeeasy.com: max() arg is an empty sequence
20250529_130649: [938] 🔴 Error processing cellebrite.com: max() arg is an empty sequence
20250529_130650: [939] 🔴 Error processing contactology.com: max() arg is an empty sequence
20250529_130652: [944] 🔴 Error processing gmx.es: max() arg is an empty sequence
20250529_130653: [945] 🔴 Error processing gosquared.com: max() arg is an empty sequence
20250529_130654: [956] 🔴 Error processing handhelditems.com: max() arg is an empty sequence
20250529_130654: [963] 🔴 Error processing dataviz.com: max() arg is an empty sequence
20250529_130655: [973] 🔴 Error processing etfdailynews.com: max() arg is an empty sequence
20250529_130656: [980] 🔴 Error processing neuf.fr: max() arg is an empty sequence
20250529_130657: [985] 🔴 Error processing portent.com: max() arg is an empty sequence
20250529_130700: [998] 🔴 Error processing gosphero.com: max() arg is an empty sequence
